This file contains any messages produced by compilers while
running configure, to aid debugging if configure makes a mistake.

It was created by HTSlib configure 1.8, which was
generated by GNU Autoconf 2.69.  Invocation command line was

  $ ./configure 

## --------- ##
## Platform. ##
## --------- ##

hostname = wks-13-34
uname -m = x86_64
uname -r = 4.9.91.1.amd64-smp
uname -s = Linux
uname -v = #1 SMP Thu Mar 29 10:37:44 CEST 2018

/usr/bin/uname -p = unknown
/bin/uname -X     = unknown

/bin/arch              = unknown
/usr/bin/arch -k       = unknown
/usr/convex/getsysinfo = unknown
/usr/bin/hostinfo      = unknown
/bin/machine           = unknown
/usr/bin/oslevel       = unknown
/bin/universe          = unknown

PATH: /TL/opt/bin
PATH: /TL/opt32/bin
PATH: /TL/opt/bin
PATH: /TL/opt32/bin
PATH: /usr/local/bin
PATH: /usr/bin
PATH: /bin
PATH: /usr/local/games
PATH: /usr/games
PATH: /TL/stat_learn/work/programs/gurobi652/linux64/bin/
PATH: /TL/stat_learn/work/mdoering/openPrimeR-User/tools/MAFFT/bin/
PATH: /TL/stat_learn/work/mdoering/openPrimeR-User/tools/ViennaRNA/bin/
PATH: /TL/stat_learn/work/mdoering/openPrimeR-User/tools/MELTING/executable/
PATH: /TL/stat_learn/work/mdoering/openPrimeR-User/tools/phantomjs/bin/
PATH: /TL/stat_learn/work/mdoering/openPrimeR-User/tools/Pandoc/
PATH: /TL/stat_learn/work/mdoering/openPrimeR-User/tools/oligoarrayaux/bin/
PATH: /TL/stat_learn/work/mdoering/ngs_pipeline/tools/lofreq_0.6.1/bin
PATH: TL/stat_learn/work/mdoering/ngs_pipeline/tools/pyvcf-0.6.7/lib/python2.7/site-packages/
PATH: /TL/stat_learn/work/mdoering/ngs_pipeline/tools/kmc/
PATH: /TL/stat_learn/work/mdoering/ngs_pipeline/tools/MUMmer3.23/
PATH: /TL/stat_learn/work/mdoering/ngs_pipeline/tools/samtools-1.2/bin/
PATH: /TL/stat_learn/work/mdoering/ngs_pipeline/tools/samtools-1.2/bin/smalt-0.7.4/
PATH: /home/mdoering/bin/
PATH: /home/mdoering/.local/bin/
PATH: /TL/stat_learn/work/mdoering/ngs_pipeline/tools/tabix-0.2.6/
PATH: /TL/stat_learn/work/mdoering/primer_design/tools/oligoarrayaux/bin/
PATH: /TL/stat_learn/work/programs/gurobi652/linux64/bin/
PATH: /TL/stat_learn/work/mdoering/openPrimeR-User/tools/MAFFT/bin/
PATH: /TL/stat_learn/work/mdoering/openPrimeR-User/tools/ViennaRNA/bin/
PATH: /TL/stat_learn/work/mdoering/openPrimeR-User/tools/MELTING/executable/
PATH: /TL/stat_learn/work/mdoering/openPrimeR-User/tools/phantomjs/bin/
PATH: /TL/stat_learn/work/mdoering/openPrimeR-User/tools/Pandoc/
PATH: /TL/stat_learn/work/mdoering/openPrimeR-User/tools/oligoarrayaux/bin/


## ----------- ##
## Core tests. ##
## ----------- ##

configure:2170: checking for gcc
configure:2186: found /usr/bin/gcc
configure:2197: result: gcc
configure:2426: checking for C compiler version
configure:2435: gcc --version >&5
gcc (Debian 4.9.2-10+deb8u1) 4.9.2
Copyright (C) 2014 Free Software Foundation, Inc.
This is free software; see the source for copying conditions.  There is NO
warranty; not even for MERCHANTABILITY or FITNESS FOR A PARTICULAR PURPOSE.

configure:2446: $? = 0
configure:2435: gcc -v >&5
Using built-in specs.
COLLECT_GCC=gcc
COLLECT_LTO_WRAPPER=/usr/lib/gcc/x86_64-linux-gnu/4.9/lto-wrapper
Target: x86_64-linux-gnu
Configured with: ../src/configure -v --with-pkgversion='Debian 4.9.2-10+deb8u1' --with-bugurl=file:///usr/share/doc/gcc-4.9/README.Bugs --enable-languages=c,c++,java,go,d,fortran,objc,obj-c++ --prefix=/usr --program-suffix=-4.9 --enable-shared --enable-linker-build-id --libexecdir=/usr/lib --without-included-gettext --enable-threads=posix --with-gxx-include-dir=/usr/include/c++/4.9 --libdir=/usr/lib --enable-nls --with-sysroot=/ --enable-clocale=gnu --enable-libstdcxx-debug --enable-libstdcxx-time=yes --enable-gnu-unique-object --disable-vtable-verify --enable-plugin --with-system-zlib --disable-browser-plugin --enable-java-awt=gtk --enable-gtk-cairo --with-java-home=/usr/lib/jvm/java-1.5.0-gcj-4.9-amd64/jre --enable-java-home --with-jvm-root-dir=/usr/lib/jvm/java-1.5.0-gcj-4.9-amd64 --with-jvm-jar-dir=/usr/lib/jvm-exports/java-1.5.0-gcj-4.9-amd64 --with-arch-directory=amd64 --with-ecj-jar=/usr/share/java/eclipse-ecj.jar --enable-objc-gc --enable-multiarch --with-arch-32=i586 --with-abi=m64 --with-multilib-list=m32,m64,mx32 --enable-multilib --with-tune=generic --enable-checking=release --build=x86_64-linux-gnu --host=x86_64-linux-gnu --target=x86_64-linux-gnu
Thread model: posix
gcc version 4.9.2 (Debian 4.9.2-10+deb8u1) 
configure:2446: $? = 0
configure:2435: gcc -V >&5
gcc: error: unrecognized command line option '-V'
gcc: fatal error: no input files
compilation terminated.
configure:2446: $? = 4
configure:2435: gcc -qversion >&5
gcc: error: unrecognized command line option '-qversion'
gcc: fatal error: no input files
compilation terminated.
configure:2446: $? = 4
configure:2466: checking whether the C compiler works
configure:2488: gcc    conftest.c  >&5
configure:2492: $? = 0
configure:2540: result: yes
configure:2543: checking for C compiler default output file name
configure:2545: result: a.out
configure:2551: checking for suffix of executables
configure:2558: gcc -o conftest    conftest.c  >&5
configure:2562: $? = 0
configure:2584: result: 
configure:2606: checking whether we are cross compiling
configure:2614: gcc -o conftest    conftest.c  >&5
configure:2618: $? = 0
configure:2625: ./conftest
configure:2629: $? = 0
configure:2644: result: no
configure:2649: checking for suffix of object files
configure:2671: gcc -c   conftest.c >&5
configure:2675: $? = 0
configure:2696: result: o
configure:2700: checking whether we are using the GNU C compiler
configure:2719: gcc -c   conftest.c >&5
configure:2719: $? = 0
configure:2728: result: yes
configure:2737: checking whether gcc accepts -g
configure:2757: gcc -c -g  conftest.c >&5
configure:2757: $? = 0
configure:2798: result: yes
configure:2815: checking for gcc option to accept ISO C89
configure:2878: gcc  -c -g -O2  conftest.c >&5
configure:2878: $? = 0
configure:2891: result: none needed
configure:2954: checking for ranlib
configure:2970: found /usr/bin/ranlib
configure:2981: result: ranlib
configure:3004: checking for grep that handles long lines and -e
configure:3062: result: /bin/grep
configure:3087: checking for C compiler warning flags
configure:3200: result: -Wall
configure:3317: checking for special C compiler options needed for large files
configure:3362: result: no
configure:3368: checking for _FILE_OFFSET_BITS value needed for large files
configure:3393: gcc -c  -Wall -g -O2  conftest.c >&5
configure:3393: $? = 0
configure:3425: result: no
configure:3510: checking for _LARGEFILE_SOURCE value needed for large files
configure:3529: gcc -o conftest  -Wall -g -O2   conftest.c  >&5
configure:3529: $? = 0
configure:3557: result: no
configure:3649: checking shared library type for unknown-Linux
configure:3677: result: plain .so
configure:3686: checking how to run the C preprocessor
configure:3717: gcc -E  conftest.c
configure:3717: $? = 0
configure:3731: gcc -E  conftest.c
conftest.c:10:28: fatal error: ac_nonexistent.h: No such file or directory
 #include <ac_nonexistent.h>
                            ^
compilation terminated.
configure:3731: $? = 1
configure: failed program was:
| /* confdefs.h */
| #define PACKAGE_NAME "HTSlib"
| #define PACKAGE_TARNAME "htslib"
| #define PACKAGE_VERSION "1.8"
| #define PACKAGE_STRING "HTSlib 1.8"
| #define PACKAGE_BUGREPORT "samtools-help@lists.sourceforge.net"
| #define PACKAGE_URL "http://www.htslib.org/"
| #define HAVE_FSEEKO 1
| /* end confdefs.h.  */
| #include <ac_nonexistent.h>
configure:3756: result: gcc -E
configure:3776: gcc -E  conftest.c
configure:3776: $? = 0
configure:3790: gcc -E  conftest.c
conftest.c:10:28: fatal error: ac_nonexistent.h: No such file or directory
 #include <ac_nonexistent.h>
                            ^
compilation terminated.
configure:3790: $? = 1
configure: failed program was:
| /* confdefs.h */
| #define PACKAGE_NAME "HTSlib"
| #define PACKAGE_TARNAME "htslib"
| #define PACKAGE_VERSION "1.8"
| #define PACKAGE_STRING "HTSlib 1.8"
| #define PACKAGE_BUGREPORT "samtools-help@lists.sourceforge.net"
| #define PACKAGE_URL "http://www.htslib.org/"
| #define HAVE_FSEEKO 1
| /* end confdefs.h.  */
| #include <ac_nonexistent.h>
configure:3819: checking for egrep
configure:3881: result: /bin/grep -E
configure:3886: checking for ANSI C header files
configure:3906: gcc -c  -Wall -g -O2  conftest.c >&5
configure:3906: $? = 0
configure:3979: gcc -o conftest  -Wall -g -O2   conftest.c  >&5
configure:3979: $? = 0
configure:3979: ./conftest
configure:3979: $? = 0
configure:3990: result: yes
configure:4003: checking for sys/types.h
configure:4003: gcc -c  -Wall -g -O2  conftest.c >&5
configure:4003: $? = 0
configure:4003: result: yes
configure:4003: checking for sys/stat.h
configure:4003: gcc -c  -Wall -g -O2  conftest.c >&5
configure:4003: $? = 0
configure:4003: result: yes
configure:4003: checking for stdlib.h
configure:4003: gcc -c  -Wall -g -O2  conftest.c >&5
configure:4003: $? = 0
configure:4003: result: yes
configure:4003: checking for string.h
configure:4003: gcc -c  -Wall -g -O2  conftest.c >&5
configure:4003: $? = 0
configure:4003: result: yes
configure:4003: checking for memory.h
configure:4003: gcc -c  -Wall -g -O2  conftest.c >&5
configure:4003: $? = 0
configure:4003: result: yes
configure:4003: checking for strings.h
configure:4003: gcc -c  -Wall -g -O2  conftest.c >&5
configure:4003: $? = 0
configure:4003: result: yes
configure:4003: checking for inttypes.h
configure:4003: gcc -c  -Wall -g -O2  conftest.c >&5
configure:4003: $? = 0
configure:4003: result: yes
configure:4003: checking for stdint.h
configure:4003: gcc -c  -Wall -g -O2  conftest.c >&5
configure:4003: $? = 0
configure:4003: result: yes
configure:4003: checking for unistd.h
configure:4003: gcc -c  -Wall -g -O2  conftest.c >&5
configure:4003: $? = 0
configure:4003: result: yes
configure:4021: checking for stdlib.h
configure:4021: result: yes
configure:4021: checking for unistd.h
configure:4021: result: yes
configure:4021: checking for sys/param.h
configure:4021: gcc -c  -Wall -g -O2  conftest.c >&5
configure:4021: $? = 0
configure:4021: result: yes
configure:4041: checking for getpagesize
configure:4041: gcc -o conftest  -Wall -g -O2   conftest.c  >&5
configure:4041: $? = 0
configure:4041: result: yes
configure:4050: checking for working mmap
configure:4197: gcc -o conftest  -Wall -g -O2   conftest.c  >&5
configure:4197: $? = 0
configure:4197: ./conftest
configure:4197: $? = 0
configure:4207: result: yes
configure:4219: checking for gmtime_r
configure:4219: gcc -o conftest  -Wall -g -O2   conftest.c  >&5
configure:4219: $? = 0
configure:4219: result: yes
configure:4219: checking for fsync
configure:4219: gcc -o conftest  -Wall -g -O2   conftest.c  >&5
configure:4219: $? = 0
configure:4219: result: yes
configure:4219: checking for drand48
configure:4219: gcc -o conftest  -Wall -g -O2   conftest.c  >&5
configure:4219: $? = 0
configure:4219: result: yes
configure:4231: checking whether fdatasync is declared
configure:4231: gcc -c  -Wall -g -O2  conftest.c >&5
configure:4231: $? = 0
configure:4231: result: yes
configure:4235: checking for fdatasync
configure:4235: gcc -o conftest  -Wall -g -O2   conftest.c  >&5
configure:4235: $? = 0
configure:4235: result: yes
configure:4326: checking for library containing log
configure:4357: gcc -o conftest  -Wall -g -O2   conftest.c  >&5
conftest.c:36:6: warning: conflicting types for built-in function 'log'
 char log ();
      ^
/tmp/ccJxNPEp.o: In function `main':
/TL/stat_learn/work/mdoering/codeliteWorkspace/bamToFreq/bamToFreq/htslib/conftest.c:40: undefined reference to `log'
collect2: error: ld returned 1 exit status
configure:4357: $? = 1
configure: failed program was:
| /* confdefs.h */
| #define PACKAGE_NAME "HTSlib"
| #define PACKAGE_TARNAME "htslib"
| #define PACKAGE_VERSION "1.8"
| #define PACKAGE_STRING "HTSlib 1.8"
| #define PACKAGE_BUGREPORT "samtools-help@lists.sourceforge.net"
| #define PACKAGE_URL "http://www.htslib.org/"
| #define HAVE_FSEEKO 1
| #define STDC_HEADERS 1
| #define HAVE_SYS_TYPES_H 1
| #define HAVE_SYS_STAT_H 1
| #define HAVE_STDLIB_H 1
| #define HAVE_STRING_H 1
| #define HAVE_MEMORY_H 1
| #define HAVE_STRINGS_H 1
| #define HAVE_INTTYPES_H 1
| #define HAVE_STDINT_H 1
| #define HAVE_UNISTD_H 1
| #define HAVE_STDLIB_H 1
| #define HAVE_UNISTD_H 1
| #define HAVE_SYS_PARAM_H 1
| #define HAVE_GETPAGESIZE 1
| #define HAVE_MMAP 1
| #define HAVE_GMTIME_R 1
| #define HAVE_FSYNC 1
| #define HAVE_DRAND48 1
| #define HAVE_FDATASYNC 1
| /* end confdefs.h.  */
| 
| /* Override any GCC internal prototype to avoid an error.
|    Use char because int might match the return type of a GCC
|    builtin and then its argument prototype would still apply.  */
| #ifdef __cplusplus
| extern "C"
| #endif
| char log ();
| int
| main ()
| {
| return log ();
|   ;
|   return 0;
| }
configure:4357: gcc -o conftest  -Wall -g -O2   conftest.c -lm   >&5
conftest.c:36:6: warning: conflicting types for built-in function 'log'
 char log ();
      ^
configure:4357: $? = 0
configure:4374: result: -lm
configure:4389: checking for zlib.h
configure:4389: gcc -c  -Wall -g -O2  conftest.c >&5
configure:4389: $? = 0
configure:4389: result: yes
configure:4398: checking for inflate in -lz
configure:4423: gcc -o conftest  -Wall -g -O2   conftest.c -lz  -lm  >&5
configure:4423: $? = 0
configure:4432: result: yes
configure:4458: checking for library containing recv
configure:4489: gcc -o conftest  -Wall -g -O2   conftest.c -lz -lm  >&5
configure:4489: $? = 0
configure:4506: result: none required
configure:4523: checking for bzlib.h
configure:4523: gcc -c  -Wall -g -O2  conftest.c >&5
configure:4523: $? = 0
configure:4523: result: yes
configure:4532: checking for BZ2_bzBuffToBuffCompress in -lbz2
configure:4557: gcc -o conftest  -Wall -g -O2   conftest.c -lbz2  -lz -lm  >&5
configure:4557: $? = 0
configure:4566: result: yes
configure:4605: checking for lzma.h
configure:4605: gcc -c  -Wall -g -O2  conftest.c >&5
configure:4605: $? = 0
configure:4605: result: yes
configure:4618: checking for lzma_easy_buffer_encode in -llzma
configure:4643: gcc -o conftest  -Wall -g -O2   conftest.c -llzma  -lbz2 -lz -lm  >&5
configure:4643: $? = 0
configure:4652: result: yes
configure:4685: checking for libdeflate.h
configure:4685: gcc -c  -Wall -g -O2  conftest.c >&5
conftest.c:35:24: fatal error: libdeflate.h: No such file or directory
 #include <libdeflate.h>
                        ^
compilation terminated.
configure:4685: $? = 1
configure: failed program was:
| /* confdefs.h */
| #define PACKAGE_NAME "HTSlib"
| #define PACKAGE_TARNAME "htslib"
| #define PACKAGE_VERSION "1.8"
| #define PACKAGE_STRING "HTSlib 1.8"
| #define PACKAGE_BUGREPORT "samtools-help@lists.sourceforge.net"
| #define PACKAGE_URL "http://www.htslib.org/"
| #define HAVE_FSEEKO 1
| #define STDC_HEADERS 1
| #define HAVE_SYS_TYPES_H 1
| #define HAVE_SYS_STAT_H 1
| #define HAVE_STDLIB_H 1
| #define HAVE_STRING_H 1
| #define HAVE_MEMORY_H 1
| #define HAVE_STRINGS_H 1
| #define HAVE_INTTYPES_H 1
| #define HAVE_STDINT_H 1
| #define HAVE_UNISTD_H 1
| #define HAVE_STDLIB_H 1
| #define HAVE_UNISTD_H 1
| #define HAVE_SYS_PARAM_H 1
| #define HAVE_GETPAGESIZE 1
| #define HAVE_MMAP 1
| #define HAVE_GMTIME_R 1
| #define HAVE_FSYNC 1
| #define HAVE_DRAND48 1
| #define HAVE_FDATASYNC 1
| #define HAVE_LIBZ 1
| #define HAVE_LIBBZ2 1
| #define HAVE_LZMA_H 1
| #define HAVE_LIBLZMA 1
| /* end confdefs.h.  */
| ;
| 
| #include <libdeflate.h>
configure:4685: result: no
configure:4694: checking for libdeflate_deflate_compress in -ldeflate
configure:4719: gcc -o conftest  -Wall -g -O2   conftest.c -ldeflate  -llzma -lbz2 -lz -lm  >&5
/usr/bin/ld: cannot find -ldeflate
collect2: error: ld returned 1 exit status
configure:4719: $? = 1
configure: failed program was:
| /* confdefs.h */
| #define PACKAGE_NAME "HTSlib"
| #define PACKAGE_TARNAME "htslib"
| #define PACKAGE_VERSION "1.8"
| #define PACKAGE_STRING "HTSlib 1.8"
| #define PACKAGE_BUGREPORT "samtools-help@lists.sourceforge.net"
| #define PACKAGE_URL "http://www.htslib.org/"
| #define HAVE_FSEEKO 1
| #define STDC_HEADERS 1
| #define HAVE_SYS_TYPES_H 1
| #define HAVE_SYS_STAT_H 1
| #define HAVE_STDLIB_H 1
| #define HAVE_STRING_H 1
| #define HAVE_MEMORY_H 1
| #define HAVE_STRINGS_H 1
| #define HAVE_INTTYPES_H 1
| #define HAVE_STDINT_H 1
| #define HAVE_UNISTD_H 1
| #define HAVE_STDLIB_H 1
| #define HAVE_UNISTD_H 1
| #define HAVE_SYS_PARAM_H 1
| #define HAVE_GETPAGESIZE 1
| #define HAVE_MMAP 1
| #define HAVE_GMTIME_R 1
| #define HAVE_FSYNC 1
| #define HAVE_DRAND48 1
| #define HAVE_FDATASYNC 1
| #define HAVE_LIBZ 1
| #define HAVE_LIBBZ2 1
| #define HAVE_LZMA_H 1
| #define HAVE_LIBLZMA 1
| /* end confdefs.h.  */
| 
| /* Override any GCC internal prototype to avoid an error.
|    Use char because int might match the return type of a GCC
|    builtin and then its argument prototype would still apply.  */
| #ifdef __cplusplus
| extern "C"
| #endif
| char libdeflate_deflate_compress ();
| int
| main ()
| {
| return libdeflate_deflate_compress ();
|   ;
|   return 0;
| }
configure:4728: result: no
configure:4765: checking for curl_easy_pause in -lcurl
configure:4790: gcc -o conftest  -Wall -g -O2   conftest.c -lcurl  -llzma -lbz2 -lz -lm  >&5
configure:4790: $? = 0
configure:4799: result: yes
configure:4915: checking for CCHmac
configure:4915: gcc -o conftest  -Wall -g -O2   conftest.c -llzma -lbz2 -lz -lm  >&5
/tmp/ccS8tvZl.o: In function `main':
/TL/stat_learn/work/mdoering/codeliteWorkspace/bamToFreq/bamToFreq/htslib/conftest.c:69: undefined reference to `CCHmac'
collect2: error: ld returned 1 exit status
configure:4915: $? = 1
configure: failed program was:
| /* confdefs.h */
| #define PACKAGE_NAME "HTSlib"
| #define PACKAGE_TARNAME "htslib"
| #define PACKAGE_VERSION "1.8"
| #define PACKAGE_STRING "HTSlib 1.8"
| #define PACKAGE_BUGREPORT "samtools-help@lists.sourceforge.net"
| #define PACKAGE_URL "http://www.htslib.org/"
| #define HAVE_FSEEKO 1
| #define STDC_HEADERS 1
| #define HAVE_SYS_TYPES_H 1
| #define HAVE_SYS_STAT_H 1
| #define HAVE_STDLIB_H 1
| #define HAVE_STRING_H 1
| #define HAVE_MEMORY_H 1
| #define HAVE_STRINGS_H 1
| #define HAVE_INTTYPES_H 1
| #define HAVE_STDINT_H 1
| #define HAVE_UNISTD_H 1
| #define HAVE_STDLIB_H 1
| #define HAVE_UNISTD_H 1
| #define HAVE_SYS_PARAM_H 1
| #define HAVE_GETPAGESIZE 1
| #define HAVE_MMAP 1
| #define HAVE_GMTIME_R 1
| #define HAVE_FSYNC 1
| #define HAVE_DRAND48 1
| #define HAVE_FDATASYNC 1
| #define HAVE_LIBZ 1
| #define HAVE_LIBBZ2 1
| #define HAVE_LZMA_H 1
| #define HAVE_LIBLZMA 1
| #define HAVE_LIBCURL 1
| #define ENABLE_GCS 1
| /* end confdefs.h.  */
| /* Define CCHmac to an innocuous variant, in case <limits.h> declares CCHmac.
|    For example, HP-UX 11i <limits.h> declares gettimeofday.  */
| #define CCHmac innocuous_CCHmac
| 
| /* System header to define __stub macros and hopefully few prototypes,
|     which can conflict with char CCHmac (); below.
|     Prefer <limits.h> to <assert.h> if __STDC__ is defined, since
|     <limits.h> exists even on freestanding compilers.  */
| 
| #ifdef __STDC__
| # include <limits.h>
| #else
| # include <assert.h>
| #endif
| 
| #undef CCHmac
| 
| /* Override any GCC internal prototype to avoid an error.
|    Use char because int might match the return type of a GCC
|    builtin and then its argument prototype would still apply.  */
| #ifdef __cplusplus
| extern "C"
| #endif
| char CCHmac ();
| /* The GNU C library defines this for functions which it implements
|     to always fail with ENOSYS.  Some functions are actually named
|     something starting with __ and the normal name is an alias.  */
| #if defined __stub_CCHmac || defined __stub___CCHmac
| choke me
| #endif
| 
| int
| main ()
| {
| return CCHmac ();
|   ;
|   return 0;
| }
configure:4915: result: no
configure:4922: checking for library containing HMAC
configure:4953: gcc -o conftest  -Wall -g -O2   conftest.c -llzma -lbz2 -lz -lm  >&5
/tmp/ccIkRMEt.o: In function `main':
/TL/stat_learn/work/mdoering/codeliteWorkspace/bamToFreq/bamToFreq/htslib/conftest.c:46: undefined reference to `HMAC'
collect2: error: ld returned 1 exit status
configure:4953: $? = 1
configure: failed program was:
| /* confdefs.h */
| #define PACKAGE_NAME "HTSlib"
| #define PACKAGE_TARNAME "htslib"
| #define PACKAGE_VERSION "1.8"
| #define PACKAGE_STRING "HTSlib 1.8"
| #define PACKAGE_BUGREPORT "samtools-help@lists.sourceforge.net"
| #define PACKAGE_URL "http://www.htslib.org/"
| #define HAVE_FSEEKO 1
| #define STDC_HEADERS 1
| #define HAVE_SYS_TYPES_H 1
| #define HAVE_SYS_STAT_H 1
| #define HAVE_STDLIB_H 1
| #define HAVE_STRING_H 1
| #define HAVE_MEMORY_H 1
| #define HAVE_STRINGS_H 1
| #define HAVE_INTTYPES_H 1
| #define HAVE_STDINT_H 1
| #define HAVE_UNISTD_H 1
| #define HAVE_STDLIB_H 1
| #define HAVE_UNISTD_H 1
| #define HAVE_SYS_PARAM_H 1
| #define HAVE_GETPAGESIZE 1
| #define HAVE_MMAP 1
| #define HAVE_GMTIME_R 1
| #define HAVE_FSYNC 1
| #define HAVE_DRAND48 1
| #define HAVE_FDATASYNC 1
| #define HAVE_LIBZ 1
| #define HAVE_LIBBZ2 1
| #define HAVE_LZMA_H 1
| #define HAVE_LIBLZMA 1
| #define HAVE_LIBCURL 1
| #define ENABLE_GCS 1
| /* end confdefs.h.  */
| 
| /* Override any GCC internal prototype to avoid an error.
|    Use char because int might match the return type of a GCC
|    builtin and then its argument prototype would still apply.  */
| #ifdef __cplusplus
| extern "C"
| #endif
| char HMAC ();
| int
| main ()
| {
| return HMAC ();
|   ;
|   return 0;
| }
configure:4953: gcc -o conftest  -Wall -g -O2   conftest.c -lcrypto  -llzma -lbz2 -lz -lm  >&5
configure:4953: $? = 0
configure:4970: result: -lcrypto
configure:5007: checking whether PTHREAD_MUTEX_RECURSIVE is declared
configure:5007: gcc -c  -Wall -g -O2  conftest.c >&5
configure:5007: $? = 0
configure:5007: result: yes
configure:5152: creating ./config.status

## ---------------------- ##
## Running config.status. ##
## ---------------------- ##

This file was extended by HTSlib config.status 1.8, which was
generated by GNU Autoconf 2.69.  Invocation command line was

  CONFIG_FILES    = 
  CONFIG_HEADERS  = 
  CONFIG_LINKS    = 
  CONFIG_COMMANDS = 
  $ ./config.status 

on wks-13-34

config.status:831: creating config.mk
config.status:831: creating htslib.pc.tmp
config.status:831: creating config.h

## ---------------- ##
## Cache variables. ##
## ---------------- ##

ac_cv_c_compiler_gnu=yes
ac_cv_env_CC_set=
ac_cv_env_CC_value=
ac_cv_env_CFLAGS_set=
ac_cv_env_CFLAGS_value=
ac_cv_env_CPPFLAGS_set=
ac_cv_env_CPPFLAGS_value=
ac_cv_env_CPP_set=
ac_cv_env_CPP_value=
ac_cv_env_LDFLAGS_set=
ac_cv_env_LDFLAGS_value=
ac_cv_env_LIBS_set=
ac_cv_env_LIBS_value=
ac_cv_env_build_alias_set=
ac_cv_env_build_alias_value=
ac_cv_env_host_alias_set=
ac_cv_env_host_alias_value=
ac_cv_env_target_alias_set=
ac_cv_env_target_alias_value=
ac_cv_func_CCHmac=no
ac_cv_func_drand48=yes
ac_cv_func_fdatasync=yes
ac_cv_func_fsync=yes
ac_cv_func_getpagesize=yes
ac_cv_func_gmtime_r=yes
ac_cv_func_mmap_fixed_mapped=yes
ac_cv_have_decl_PTHREAD_MUTEX_RECURSIVE=yes
ac_cv_have_decl_fdatasync_int_=yes
ac_cv_header_bzlib_h=yes
ac_cv_header_inttypes_h=yes
ac_cv_header_libdeflate_h=no
ac_cv_header_lzma_h=yes
ac_cv_header_memory_h=yes
ac_cv_header_stdc=yes
ac_cv_header_stdint_h=yes
ac_cv_header_stdlib_h=yes
ac_cv_header_string_h=yes
ac_cv_header_strings_h=yes
ac_cv_header_sys_param_h=yes
ac_cv_header_sys_stat_h=yes
ac_cv_header_sys_types_h=yes
ac_cv_header_unistd_h=yes
ac_cv_header_zlib_h=yes
ac_cv_lib_bz2_BZ2_bzBuffToBuffCompress=yes
ac_cv_lib_curl_curl_easy_pause=yes
ac_cv_lib_deflate_libdeflate_deflate_compress=no
ac_cv_lib_lzma_lzma_easy_buffer_encode=yes
ac_cv_lib_z_inflate=yes
ac_cv_objext=o
ac_cv_path_EGREP='/bin/grep -E'
ac_cv_path_GREP=/bin/grep
ac_cv_prog_CPP='gcc -E'
ac_cv_prog_ac_ct_CC=gcc
ac_cv_prog_ac_ct_RANLIB=ranlib
ac_cv_prog_cc_c89=
ac_cv_prog_cc_g=yes
ac_cv_search_HMAC=-lcrypto
ac_cv_search_log=-lm
ac_cv_search_recv='none required'
ac_cv_sys_file_offset_bits=no
ac_cv_sys_largefile_CC=no
ac_cv_sys_largefile_source=no
hts_cv_prog_cc_warnings=-Wall

## ----------------- ##
## Output variables. ##
## ----------------- ##

CC='gcc'
CFLAGS=' -Wall -g -O2'
CPP='gcc -E'
CPPFLAGS=''
CRYPTO_LIBS='-lcrypto'
DEFS='-DHAVE_CONFIG_H'
ECHO_C=''
ECHO_N='-n'
ECHO_T=''
EGREP='/bin/grep -E'
EXEEXT=''
GREP='/bin/grep'
LDFLAGS=''
LIBOBJS=''
LIBS='-llzma -lbz2 -lz -lm '
LTLIBOBJS=''
OBJEXT='o'
PACKAGE_BUGREPORT='samtools-help@lists.sourceforge.net'
PACKAGE_NAME='HTSlib'
PACKAGE_STRING='HTSlib 1.8'
PACKAGE_TARNAME='htslib'
PACKAGE_URL='http://www.htslib.org/'
PACKAGE_VERSION='1.8'
PATH_SEPARATOR=':'
PLATFORM='default'
PLUGIN_EXT='.so'
RANLIB='ranlib'
SHELL='/bin/bash'
ac_ct_CC='gcc'
bindir='${exec_prefix}/bin'
build_alias=''
datadir='${datarootdir}'
datarootdir='${prefix}/share'
docdir='${datarootdir}/doc/${PACKAGE_TARNAME}'
dvidir='${docdir}'
enable_plugins='no'
exec_prefix='${prefix}'
gcs='enabled'
host_alias='unknown-Linux'
htmldir='${docdir}'
includedir='${prefix}/include'
infodir='${datarootdir}/info'
libcurl='enabled'
libdir='${exec_prefix}/lib'
libexecdir='${exec_prefix}/libexec'
localedir='${datarootdir}/locale'
localstatedir='${prefix}/var'
mandir='${datarootdir}/man'
oldincludedir='/usr/include'
pc_requires=' liblzma'
pdfdir='${docdir}'
plugindir='$(libexecdir)/htslib'
pluginpath='$(libexecdir)/htslib'
prefix='/usr/local'
private_LIBS=' -lbz2'
program_transform_name='s,x,x,'
psdir='${docdir}'
s3='enabled'
sbindir='${exec_prefix}/sbin'
sharedstatedir='${prefix}/com'
static_LDFLAGS=''
static_LIBS='-lpthread -lz -lm -lbz2 -llzma -lcurl -lcrypto'
sysconfdir='${prefix}/etc'
target_alias=''

## ----------- ##
## confdefs.h. ##
## ----------- ##

/* confdefs.h */
#define PACKAGE_NAME "HTSlib"
#define PACKAGE_TARNAME "htslib"
#define PACKAGE_VERSION "1.8"
#define PACKAGE_STRING "HTSlib 1.8"
#define PACKAGE_BUGREPORT "samtools-help@lists.sourceforge.net"
#define PACKAGE_URL "http://www.htslib.org/"
#define HAVE_FSEEKO 1
#define STDC_HEADERS 1
#define HAVE_SYS_TYPES_H 1
#define HAVE_SYS_STAT_H 1
#define HAVE_STDLIB_H 1
#define HAVE_STRING_H 1
#define HAVE_MEMORY_H 1
#define HAVE_STRINGS_H 1
#define HAVE_INTTYPES_H 1
#define HAVE_STDINT_H 1
#define HAVE_UNISTD_H 1
#define HAVE_STDLIB_H 1
#define HAVE_UNISTD_H 1
#define HAVE_SYS_PARAM_H 1
#define HAVE_GETPAGESIZE 1
#define HAVE_MMAP 1
#define HAVE_GMTIME_R 1
#define HAVE_FSYNC 1
#define HAVE_DRAND48 1
#define HAVE_FDATASYNC 1
#define HAVE_LIBZ 1
#define HAVE_LIBBZ2 1
#define HAVE_LZMA_H 1
#define HAVE_LIBLZMA 1
#define HAVE_LIBCURL 1
#define ENABLE_GCS 1
#define HAVE_HMAC 1
#define ENABLE_S3 1

configure: exit 0
